16 Mar 00:00:57 CONFIG [geoserver.logging] - Log4j 2 configuration set to DEFAULT_LOGGING.xml
16 Mar 00:01:01 WARN   [geoserver.monitor] - monitoring storage memory not found, falling back to 'memory'
16 Mar 00:01:02 CONFIG [org.geoserver] - GeoServer configuration lock is enabled
16 Mar 00:01:02 CONFIG [org.geoserver] - Loading catalog /opt/geoserver/data_dir
16 Mar 00:01:02 WARN   [org.geoserver] - No 'workspaces' directory found, unable to load any stores.
16 Mar 00:01:02 CONFIG [org.geoserver] - Read catalog in 40.70 ms
16 Mar 00:01:03 CONFIG [org.geoserver] - Loaded service 'WPSInfoImpl-7d20bdf0:18e448fdf7f:-7ffb', enabled
16 Mar 00:01:03 CONFIG [org.geoserver] - Loaded service 'WFSInfoImpl-7d20bdf0:18e448fdf7f:-7ffa', enabled
16 Mar 00:01:03 CONFIG [org.geoserver] - Loaded service 'WMTSInfoImpl-7d20bdf0:18e448fdf7f:-7ff9', enabled
16 Mar 00:01:03 CONFIG [org.geoserver] - Loaded service 'csw', enabled
16 Mar 00:01:03 CONFIG [org.geoserver] - Loaded service 'WMSInfoImpl-7d20bdf0:18e448fdf7f:-7ff8', enabled
16 Mar 00:01:03 CONFIG [org.geoserver] - Loaded service 'WCSInfoImpl-7d20bdf0:18e448fdf7f:-7ff7', enabled
16 Mar 00:01:03 CONFIG [gwc.config] - Will look for 'geowebcache.xml' in directory '/opt/geoserver/data_dir/gwc'.
16 Mar 00:01:03 CONFIG [gwc.config] - Create configuration file '/opt/geoserver/data_dir/gwc/geowebcache.xml' from template jar:file:/usr/local/tomcat/webapps/geoserver/WEB-INF/lib/gwc-core-1.23.0.jar!/geowebcache_empty.xml
16 Mar 00:01:03 WARN   [config.XMLConfiguration] - GWC configuration validation error: cvc-elt.1.a: Cannot find the declaration of element 'gwcConfiguration'.
16 Mar 00:01:03 WARN   [config.XMLConfiguration] - Will try to use configuration anyway. Please check the order of declared elements against the schema.
16 Mar 00:01:04 CONFIG [config.XMLConfiguration] - Initializing GridSets from /opt/geoserver/data_dir/gwc
16 Mar 00:01:04 CONFIG [config.XMLConfiguration] - Initializing layers from /opt/geoserver/data_dir/gwc
16 Mar 00:01:04 CONFIG [gwc.layer] - Initializing GWC configuration based on GeoServer's Catalog
16 Mar 00:01:04 CONFIG [gwc.layer] - GeoServer TileLayer store base directory is: gwc-layers
16 Mar 00:01:04 CONFIG [gwc.layer] - Loading tile layers from gwc-layers
16 Mar 00:01:04 CONFIG [gwc.layer] - Loaded 0 tile layers in 4.310 ms
16 Mar 00:01:04 CONFIG [storage.BlobStoreAggregator] - BlobStoreConfiguration /opt/geoserver/data_dir/gwc contained no blob store infos.
16 Mar 00:01:04 CONFIG [storage.DefaultStorageFinder] - Found system environment variableGEOWEBCACHE_CACHE_DIR set to /opt/geoserver/data_dir/gwc, using it as the default prefix.
16 Mar 00:01:04 CONFIG [gwc.config] - Initializing GeoServer specific GWC configuration from gwc-gs.xml
16 Mar 00:01:04 WARN   [turbojpeg.TurboJPEGMapResponse] - The turbo jpeg encoder is available for usage
16 Mar 00:01:04 INFO   [geoserver.monitor] - Monitor extension enabled
16 Mar 00:01:05 WARN   [gce.imagemosaic] - Unable to set ordering between tiff readers spi
16 Mar 00:01:05 INFO   [flow.config] - Loaded control-flow rule: ows.global=100
16 Mar 00:01:05 INFO   [flow.config] - Loaded control-flow rule: ows.wms.getmap=10
16 Mar 00:01:05 INFO   [flow.config] - Loaded control-flow rule: ows.wfs.getfeature.application/msexcel=4
16 Mar 00:01:05 INFO   [flow.config] - Loaded control-flow rule: user=6
16 Mar 00:01:05 INFO   [flow.config] - Loaded control-flow rule: ows.gwc=16
16 Mar 00:01:05 INFO   [flow.config] - Loaded control-flow rule: user.ows.wps.execute=1000/d;30s
16 Mar 00:01:05 CONFIG [geoserver.flow] - Control-flow active with 6 flow controllers
16 Mar 00:01:06 CONFIG [geoserver.wps] - Found 5 bindable processes in GeoServer specific processes
16 Mar 00:01:06 CONFIG [geoserver.wps] - Found 89 bindable processes in Deprecated processes
16 Mar 00:01:06 CONFIG [geoserver.wps] - Blacklisting process ras:ConvolveCoverage as the input kernel of type class javax.media.jai.KernelJAI cannot be handled
16 Mar 00:01:06 CONFIG [geoserver.wps] - Blacklisting process ras:RasterZonalStatistics2 as the input zones of type class java.lang.Object cannot be handled
16 Mar 00:01:06 CONFIG [geoserver.wps] - Blacklisting process ras:RasterZonalStatistics2 as the input nodata of type class it.geosolutions.jaiext.range.Range cannot be handled
16 Mar 00:01:06 CONFIG [geoserver.wps] - Blacklisting process ras:RasterZonalStatistics2 as the input rangeData of type class java.lang.Object cannot be handled
16 Mar 00:01:06 CONFIG [geoserver.wps] - Blacklisting process ras:RasterZonalStatistics2 as the output zonal statistics of type interface java.util.List cannot be handled
16 Mar 00:01:06 CONFIG [geoserver.wps] - Found 18 bindable processes in Raster processes
16 Mar 00:01:06 CONFIG [geoserver.wps] - Blacklisting process vec:GroupCandidateSelection as the input groupingAttributes of type class java.lang.Object cannot be handled
16 Mar 00:01:06 CONFIG [geoserver.wps] - Found 31 bindable processes in Vector processes
16 Mar 00:01:06 CONFIG [geoserver.wps] - Found 48 bindable processes in Geometry processes
16 Mar 00:01:06 CONFIG [geoserver.wps] - Found 1 bindable processes in PolygonLabelProcess
16 Mar 00:01:06 CONFIG [geoserver.wps] - Found 1 bindable processes in geo
16 Mar 00:01:06 CONFIG [geoserver.wps] - Found 1 bindable processes in geo
16 Mar 00:01:07 CONFIG [geowebcache.GeoWebCacheDispatcher] - Invoked setServletPrefix(gwc)
16 Mar 00:01:07 CONFIG [wms.WMSService] - Will NOT recombine tiles for non-tiling clients.
16 Mar 00:01:07 CONFIG [wms.WMSService] - Will proxy requests to backend that are not getmap or getcapabilities.
16 Mar 00:01:07 CONFIG [gwc.config] - Will look for 'geowebcache-diskquota.xml' in directory '/opt/geoserver/data_dir/gwc'.
16 Mar 00:01:07 CONFIG [gwc.config] - Will look for 'geowebcache-diskquota-jdbc.xml' in directory '/opt/geoserver/data_dir/gwc'.
16 Mar 00:01:07 CONFIG [diskquota.ConfigLoader] - Quota config is: /opt/geoserver/data_dir/gwc/geowebcache-diskquota.xml
16 Mar 00:01:09 CONFIG [diskquota.ConfigLoader] - Quota config is: /opt/geoserver/data_dir/gwc/geowebcache-diskquota.xml
16 Mar 00:01:09 CONFIG [diskquota.DiskQuotaMonitor] - Setting up disk quota periodic enforcement task
16 Mar 00:01:09 CONFIG [diskquota.DiskQuotaMonitor] - 0 layers configured with their own quotas. 
16 Mar 00:01:09 CONFIG [diskquota.DiskQuotaMonitor] - 0 layers attached to global quota 20.0 GB
16 Mar 00:01:09 CONFIG [diskquota.DiskQuotaMonitor] - Disk quota periodic enforcement task set up every 5 SECONDS
16 Mar 00:01:24 CONFIG [geoserver.security] - AuthenticationCache Initialized with 1000 Max Entries, 300 seconds idle time, 600 seconds time to live and 3 concurrency level
16 Mar 00:01:24 CONFIG [geoserver.security] - AuthenticationCache Eviction Task created to run every 600 seconds
16 Mar 00:01:25 CONFIG [geoserver.security] - Start reloading user/groups for service named default
16 Mar 00:01:25 CONFIG [geoserver.security] - Reloading user/groups successful for service named default
16 Mar 00:01:26 INFO   [config.XMLConfiguration] - Wrote configuration to /opt/geoserver/data_dir/gwc
16 Mar 00:01:35 CONFIG [gwc.layer] - GeoServer TileLayer store base directory is: gwc-layers
16 Mar 00:01:35 CONFIG [gwc.layer] - Loading tile layers from gwc-layers
16 Mar 00:01:35 CONFIG [gwc.layer] - Loaded 0 tile layers in 6.116 ms
16 Mar 00:01:36 INFO   [jdbc.JDBCQuotaStore] - Closing up the JDBC quota store 
16 Mar 00:01:36 WARN   [support.DisposableBeanAdapter] - Custom destroy method 'destroy' on bean with name 'gwcMemoryBlobStore' threw an exception: java.util.concurrent.RejectedExecutionException: Task java.util.concurrent.FutureTask@5b5ebbcd[Not completed, task = org.geowebcache.storage.blobstore.memory.MemoryBlobStore$BlobStoreTask@2f8ee421] rejected from java.util.concurrent.ThreadPoolExecutor@41d722ef[Terminated, pool size = 0, active threads = 0, queued tasks = 0, completed tasks = 1]
16 Mar 00:01:36 INFO   [geoserver.logging] - Beginning GeoServer cleanup sequence
